[2026-03-08 16:37:33] Starting template creation on Ceph storage (accessible from all nodes)
[2026-03-08 16:37:33] ----------------------------------------
[2026-03-08 16:37:33] Resizing image to 10GB...
[2026-03-08 16:37:33] Creating template ubuntu-template-ceph (ID: 301) with Ceph storage...
[2026-03-08 16:37:33] Moving cloud image to template directory...
[2026-03-08 16:37:34] Creating base VM...
[2026-03-08 16:37:35] Importing disk from cloud image to Ceph storage...
[2026-03-08 16:37:36] Configuring disk and boot settings...
[2026-03-08 16:37:38] Adding cloud-init drive...
[2026-03-08 16:37:39] Configuring serial console...
[2026-03-08 16:37:40] Enabling QEMU guest agent...
[2026-03-08 16:37:41] Configuring cloud-init user settings...
[2026-03-08 16:37:41] Configuring cloud-init network settings...
[2026-03-08 16:37:43] Setting OS type...
[2026-03-08 16:37:44] Generating initial cloud-init config...
[2026-03-08 16:37:45] Waiting for cloud-init drive to be ready...
[2026-03-08 16:37:50] Converting to template...
[2026-03-08 16:37:52] Template ubuntu-template-ceph (ID: 301) created on Ceph storage
[2026-03-08 16:37:52] This template is now accessible from all nodes in the cluster
[2026-03-08 16:37:52] ----------------------------------------
