[2026-03-08 16:39:50] Starting template creation on Ceph storage (accessible from all nodes)
[2026-03-08 16:39:50] ----------------------------------------
[2026-03-08 16:39:50] Downloading Ubuntu cloud image...
[2026-03-08 16:39:56] Resizing image to 10GB...
[2026-03-08 16:39:57] Creating template ubuntu-template-ceph (ID: 301) with Ceph storage...
[2026-03-08 16:39:57] Moving cloud image to template directory...
[2026-03-08 16:39:58] Creating base VM...
[2026-03-08 16:39:59] Importing disk from cloud image to Ceph storage...
[2026-03-08 16:40:09] Configuring disk and boot settings...
[2026-03-08 16:40:12] Adding cloud-init drive...
[2026-03-08 16:40:13] Configuring serial console...
[2026-03-08 16:40:14] Enabling QEMU guest agent...
[2026-03-08 16:40:15] Configuring cloud-init user settings...
[2026-03-08 16:40:16] Configuring cloud-init network settings...
[2026-03-08 16:40:18] Setting OS type...
[2026-03-08 16:40:19] Generating initial cloud-init config...
[2026-03-08 16:40:20] Waiting for cloud-init drive to be ready...
[2026-03-08 16:40:25] Converting to template...
[2026-03-08 16:40:27] Template ubuntu-template-ceph (ID: 301) created on Ceph storage
[2026-03-08 16:40:27] This template is now accessible from all nodes in the cluster
[2026-03-08 16:40:27] ----------------------------------------
