[2026-03-08 16:38:47] Starting template creation on Ceph storage (accessible from all nodes)
[2026-03-08 16:38:47] ----------------------------------------
[2026-03-08 16:38:47] Downloading Ubuntu cloud image...
[2026-03-08 16:38:53] Resizing image to 10GB...
[2026-03-08 16:38:54] Creating template ubuntu-template-ceph (ID: 301) with Ceph storage...
[2026-03-08 16:38:54] Moving cloud image to template directory...
[2026-03-08 16:38:55] Creating base VM...
[2026-03-08 16:38:56] Importing disk from cloud image to Ceph storage...
[2026-03-08 16:39:06] Configuring disk and boot settings...
[2026-03-08 16:39:08] Adding cloud-init drive...
[2026-03-08 16:39:10] Configuring serial console...
[2026-03-08 16:39:11] Enabling QEMU guest agent...
[2026-03-08 16:39:12] Configuring cloud-init user settings...
[2026-03-08 16:39:13] Configuring cloud-init network settings...
[2026-03-08 16:39:15] Setting OS type...
[2026-03-08 16:39:16] Generating initial cloud-init config...
[2026-03-08 16:39:17] Waiting for cloud-init drive to be ready...
[2026-03-08 16:39:22] Converting to template...
[2026-03-08 16:39:23] Template ubuntu-template-ceph (ID: 301) created on Ceph storage
[2026-03-08 16:39:23] This template is now accessible from all nodes in the cluster
[2026-03-08 16:39:23] ----------------------------------------
